# JRE version: OpenJDK Runtime Environment Temurin-17.0.10+7 (17.0.10+7) (build 17.0.10+7)
# Java VM: OpenJDK 64-Bit Server VM Temurin-17.0.10+7 (17.0.10+7, mixed mode, emulated-client, tiered, compressed oops, compressed class ptrs, g1 gc, windows-amd64)
GC Precious Log:
 CPUs: 4 total, 4 available
 Memory: 7613M
 Large Page Support: Disabled
 NUMA Support: Disabled
 Compressed Oops: Enabled (32-bit)
 Heap Region Size: 1M
 Heap Min Capacity: 8M
 Heap Initial Capacity: 120M
 Heap Max Capacity: 1G
 Pre-touch: Disabled
 Parallel Workers: 4
 Concurrent Workers: 1
 Concurrent Refinement Workers: 4
 Periodic GC: Disabled
Heap:
 garbage-first heap   total 102400K, used 29892K [0x00000000c0000000, 0x0000000100000000)
  region size 1024K, 1 young (1024K), 0 survivors (0K)
 Metaspace       used 58246K, committed 59008K, reserved 1114112K
  class space    used 7173K, committed 7488K, reserved 1048576K
GC Heap History (20 events):
Event: 445.556 GC heap before
{Heap before GC invocations=64 (full 38):
 garbage-first heap   total 102400K, used 29892K [0x00000000c0000000, 0x0000000100000000)
  region size 1024K, 1 young (1024K), 0 survivors (0K)
 Metaspace       used 58246K, committed 59008K, reserved 1114112K
  class space    used 7173K, committed 7488K, reserved 1048576K
}
Event: 445.585 GC heap after
{Heap after GC invocations=65 (full 39):
 garbage-first heap   total 102400K, used 29892K [0x00000000c0000000, 0x0000000100000000)
  region size 1024K, 0 young (0K), 0 survivors (0K)
 Metaspace       used 58246K, committed 59008K, reserved 1114112K
  class space    used 7173K, committed 7488K, reserved 1048576K
}
Event: 455.760 GC heap before
{Heap before GC invocations=65 (full 39):
 garbage-first heap   total 102400K, used 29892K [0x00000000c0000000, 0x0000000100000000)
  region size 1024K, 1 young (1024K), 0 survivors (0K)
 Metaspace       used 58246K, committed 59008K, reserved 1114112K
  class space    used 7173K, committed 7488K, reserved 1048576K
}
Event: 455.792 GC heap after
{Heap after GC invocations=66 (full 40):
 garbage-first heap   total 102400K, used 29892K [0x00000000c0000000, 0x0000000100000000)
  region size 1024K, 0 young (0K), 0 survivors (0K)
 Metaspace       used 58246K, committed 59008K, reserved 1114112K
  class space    used 7173K, committed 7488K, reserved 1048576K
}
Event: 465.974 GC heap before
{Heap before GC invocations=66 (full 40):
 garbage-first heap   total 102400K, used 29892K [0x00000000c0000000, 0x0000000100000000)
  region size 1024K, 1 young (1024K), 0 survivors (0K)
 Metaspace       used 58246K, committed 59008K, reserved 1114112K
  class space    used 7173K, committed 7488K, reserved 1048576K
}
Event: 466.008 GC heap after
{Heap after GC invocations=67 (full 41):
 garbage-first heap   total 102400K, used 29892K [0x00000000c0000000, 0x0000000100000000)
  region size 1024K, 0 young (0K), 0 survivors (0K)
 Metaspace       used 58246K, committed 59008K, reserved 1114112K
  class space    used 7173K, committed 7488K, reserved 1048576K
}
Event: 476.181 GC heap before
{Heap before GC invocations=67 (full 41):
 garbage-first heap   total 102400K, used 29892K [0x00000000c0000000, 0x0000000100000000)
  region size 1024K, 1 young (1024K), 0 survivors (0K)
 Metaspace       used 58246K, committed 59008K, reserved 1114112K
  class space    used 7173K, committed 7488K, reserved 1048576K
}
Event: 476.215 GC heap after
{Heap after GC invocations=68 (full 42):
 garbage-first heap   total 102400K, used 29892K [0x00000000c0000000, 0x0000000100000000)
  region size 1024K, 0 young (0K), 0 survivors (0K)
 Metaspace       used 58246K, committed 59008K, reserved 1114112K
  class space    used 7173K, committed 7488K, reserved 1048576K
}
Event: 486.388 GC heap before
{Heap before GC invocations=68 (full 42):
 garbage-first heap   total 102400K, used 29892K [0x00000000c0000000, 0x0000000100000000)
  region size 1024K, 1 young (1024K), 0 survivors (0K)
 Metaspace       used 58246K, committed 59008K, reserved 1114112K
  class space    used 7173K, committed 7488K, reserved 1048576K
}
Event: 486.426 GC heap after
{Heap after GC invocations=69 (full 43):
 garbage-first heap   total 102400K, used 29892K [0x00000000c0000000, 0x0000000100000000)
  region size 1024K, 0 young (0K), 0 survivors (0K)
 Metaspace       used 58246K, committed 59008K, reserved 1114112K
  class space    used 7173K, committed 7488K, reserved 1048576K
}
Event: 496.629 GC heap before
{Heap before GC invocations=69 (full 43):
 garbage-first heap   total 102400K, used 29892K [0x00000000c0000000, 0x0000000100000000)
  region size 1024K, 1 young (1024K), 0 survivors (0K)
 Metaspace       used 58246K, committed 59008K, reserved 1114112K
  class space    used 7173K, committed 7488K, reserved 1048576K
}
Event: 496.662 GC heap after
{Heap after GC invocations=70 (full 44):
 garbage-first heap   total 102400K, used 29892K [0x00000000c0000000, 0x0000000100000000)
  region size 1024K, 0 young (0K), 0 survivors (0K)
 Metaspace       used 58246K, committed 59008K, reserved 1114112K
  class space    used 7173K, committed 7488K, reserved 1048576K
}
Event: 506.889 GC heap before
{Heap before GC invocations=70 (full 44):
 garbage-first heap   total 102400K, used 29892K [0x00000000c0000000, 0x0000000100000000)
  region size 1024K, 1 young (1024K), 0 survivors (0K)
 Metaspace       used 58246K, committed 59008K, reserved 1114112K
  class space    used 7173K, committed 7488K, reserved 1048576K
}
Event: 506.932 GC heap after
{Heap after GC invocations=71 (full 45):
 garbage-first heap   total 102400K, used 29892K [0x00000000c0000000, 0x0000000100000000)
  region size 1024K, 0 young (0K), 0 survivors (0K)
 Metaspace       used 58246K, committed 59008K, reserved 1114112K
  class space    used 7173K, committed 7488K, reserved 1048576K
}
Event: 517.108 GC heap before
{Heap before GC invocations=71 (full 45):
 garbage-first heap   total 102400K, used 29892K [0x00000000c0000000, 0x0000000100000000)
  region size 1024K, 1 young (1024K), 0 survivors (0K)
 Metaspace       used 58246K, committed 59008K, reserved 1114112K
  class space    used 7173K, committed 7488K, reserved 1048576K
}
Event: 517.144 GC heap after
{Heap after GC invocations=72 (full 46):
 garbage-first heap   total 102400K, used 29892K [0x00000000c0000000, 0x0000000100000000)
  region size 1024K, 0 young (0K), 0 survivors (0K)
 Metaspace       used 58246K, committed 59008K, reserved 1114112K
  class space    used 7173K, committed 7488K, reserved 1048576K
}
Event: 527.434 GC heap before
{Heap before GC invocations=72 (full 46):
 garbage-first heap   total 102400K, used 29892K [0x00000000c0000000, 0x0000000100000000)
  region size 1024K, 1 young (1024K), 0 survivors (0K)
 Metaspace       used 58246K, committed 59008K, reserved 1114112K
  class space    used 7173K, committed 7488K, reserved 1048576K
}
Event: 527.467 GC heap after
{Heap after GC invocations=73 (full 47):
 garbage-first heap   total 102400K, used 29892K [0x00000000c0000000, 0x0000000100000000)
  region size 1024K, 0 young (0K), 0 survivors (0K)
 Metaspace       used 58246K, committed 59008K, reserved 1114112K
  class space    used 7173K, committed 7488K, reserved 1048576K
}
Event: 538.020 GC heap before
{Heap before GC invocations=73 (full 47):
 garbage-first heap   total 102400K, used 29892K [0x00000000c0000000, 0x0000000100000000)
  region size 1024K, 1 young (1024K), 0 survivors (0K)
 Metaspace       used 58246K, committed 59008K, reserved 1114112K
  class space    used 7173K, committed 7488K, reserved 1048576K
}
Event: 538.065 GC heap after
{Heap after GC invocations=74 (full 48):
 garbage-first heap   total 102400K, used 29892K [0x00000000c0000000, 0x0000000100000000)
  region size 1024K, 0 young (0K), 0 survivors (0K)
 Metaspace       used 58246K, committed 59008K, reserved 1114112K
  class space    used 7173K, committed 7488K, reserved 1048576K
}

