# JRE version: OpenJDK Runtime Environment Temurin-17.0.10+7 (17.0.10+7) (build 17.0.10+7)
# Java VM: OpenJDK 64-Bit Server VM Temurin-17.0.10+7 (17.0.10+7, mixed mode, tiered, compressed oops, compressed class ptrs, parallel gc, windows-amd64)
GC Precious Log:
 CPUs: 4 total, 4 available
 Memory: 7613M
 Large Page Support: Disabled
 NUMA Support: Disabled
 Compressed Oops: Enabled (32-bit)
 Alignments: Space 512K, Generation 512K, Heap 2M
 Heap Min Capacity: 100M
 Heap Initial Capacity: 100M
 Heap Max Capacity: 1G
 Pre-touch: Disabled
 Parallel Workers: 4
Heap:
 PSYoungGen      total 3584K, used 2877K [0x00000000eab00000, 0x00000000eb000000, 0x0000000100000000)
  eden space 2560K, 89% used [0x00000000eab00000,0x00000000ead3f498,0x00000000ead80000)
  from space 1024K, 56% used [0x00000000eae00000,0x00000000eae90000,0x00000000eaf00000)
  to   space 1024K, 0% used [0x00000000eaf00000,0x00000000eaf00000,0x00000000eb000000)
 ParOldGen       total 280064K, used 234126K [0x00000000c0000000, 0x00000000d1180000, 0x00000000eab00000)
  object space 280064K, 83% used [0x00000000c0000000,0x00000000ce4a3928,0x00000000d1180000)
 Metaspace       used 82033K, committed 83520K, reserved 1179648K
  class space    used 8373K, committed 9024K, reserved 1048576K
GC Heap History (20 events):
Event: 289.056 GC heap before
{Heap before GC invocations=2015 (full 23):
 PSYoungGen      total 5120K, used 2053K [0x00000000eab00000, 0x00000000eb280000, 0x0000000100000000)
  eden space 2560K, 0% used [0x00000000eab00000,0x00000000eab00000,0x00000000ead80000)
  from space 2560K, 80% used [0x00000000ead80000,0x00000000eaf81460,0x00000000eb000000)
  to   space 2560K, 0% used [0x00000000eb000000,0x00000000eb000000,0x00000000eb280000)
 ParOldGen       total 270336K, used 269341K [0x00000000c0000000, 0x00000000d0800000, 0x00000000eab00000)
  object space 270336K, 99% used [0x00000000c0000000,0x00000000d0707508,0x00000000d0800000)
 Metaspace       used 81896K, committed 83328K, reserved 1179648K
  class space    used 8348K, committed 8960K, reserved 1048576K
}
Event: 289.244 GC heap after
{Heap after GC invocations=2015 (full 23):
 PSYoungGen      total 5120K, used 0K [0x00000000eab00000, 0x00000000eb280000, 0x0000000100000000)
  eden space 2560K, 0% used [0x00000000eab00000,0x00000000eab00000,0x00000000ead80000)
  from space 2560K, 0% used [0x00000000eb000000,0x00000000eb000000,0x00000000eb280000)
  to   space 2560K, 0% used [0x00000000ead80000,0x00000000ead80000,0x00000000eb000000)
 ParOldGen       total 280064K, used 231152K [0x00000000c0000000, 0x00000000d1180000, 0x00000000eab00000)
  object space 280064K, 82% used [0x00000000c0000000,0x00000000ce1bc218,0x00000000d1180000)
 Metaspace       used 81896K, committed 83328K, reserved 1179648K
  class space    used 8348K, committed 8960K, reserved 1048576K
}
Event: 289.255 GC heap before
{Heap before GC invocations=2016 (full 23):
 PSYoungGen      total 5120K, used 2525K [0x00000000eab00000, 0x00000000eb280000, 0x0000000100000000)
  eden space 2560K, 98% used [0x00000000eab00000,0x00000000ead77460,0x00000000ead80000)
  from space 2560K, 0% used [0x00000000eb000000,0x00000000eb000000,0x00000000eb280000)
  to   space 2560K, 0% used [0x00000000ead80000,0x00000000ead80000,0x00000000eb000000)
 ParOldGen       total 280064K, used 231152K [0x00000000c0000000, 0x00000000d1180000, 0x00000000eab00000)
  object space 280064K, 82% used [0x00000000c0000000,0x00000000ce1bc218,0x00000000d1180000)
 Metaspace       used 81896K, committed 83328K, reserved 1179648K
  class space    used 8348K, committed 8960K, reserved 1048576K
}
Event: 289.256 GC heap after
{Heap after GC invocations=2016 (full 23):
 PSYoungGen      total 5120K, used 2115K [0x00000000eab00000, 0x00000000eb280000, 0x0000000100000000)
  eden space 2560K, 0% used [0x00000000eab00000,0x00000000eab00000,0x00000000ead80000)
  from space 2560K, 82% used [0x00000000ead80000,0x00000000eaf90cf0,0x00000000eb000000)
  to   space 2560K, 0% used [0x00000000eb000000,0x00000000eb000000,0x00000000eb280000)
 ParOldGen       total 280064K, used 231152K [0x00000000c0000000, 0x00000000d1180000, 0x00000000eab00000)
  object space 280064K, 82% used [0x00000000c0000000,0x00000000ce1bc218,0x00000000d1180000)
 Metaspace       used 81896K, committed 83328K, reserved 1179648K
  class space    used 8348K, committed 8960K, reserved 1048576K
}
Event: 289.281 GC heap before
{Heap before GC invocations=2017 (full 23):
 PSYoungGen      total 5120K, used 4675K [0x00000000eab00000, 0x00000000eb280000, 0x0000000100000000)
  eden space 2560K, 100% used [0x00000000eab00000,0x00000000ead80000,0x00000000ead80000)
  from space 2560K, 82% used [0x00000000ead80000,0x00000000eaf90cf0,0x00000000eb000000)
  to   space 2560K, 0% used [0x00000000eb000000,0x00000000eb000000,0x00000000eb280000)
 ParOldGen       total 280064K, used 231152K [0x00000000c0000000, 0x00000000d1180000, 0x00000000eab00000)
  object space 280064K, 82% used [0x00000000c0000000,0x00000000ce1bc218,0x00000000d1180000)
 Metaspace       used 81966K, committed 83456K, reserved 1179648K
  class space    used 8369K, committed 9024K, reserved 1048576K
}
Event: 289.286 GC heap after
{Heap after GC invocations=2017 (full 23):
 PSYoungGen      total 4608K, used 1762K [0x00000000eab00000, 0x00000000eb200000, 0x0000000100000000)
  eden space 2560K, 0% used [0x00000000eab00000,0x00000000eab00000,0x00000000ead80000)
  from space 2048K, 86% used [0x00000000eb000000,0x00000000eb1b8bf0,0x00000000eb200000)
  to   space 2048K, 0% used [0x00000000eae00000,0x00000000eae00000,0x00000000eb000000)
 ParOldGen       total 280064K, used 233230K [0x00000000c0000000, 0x00000000d1180000, 0x00000000eab00000)
  object space 280064K, 83% used [0x00000000c0000000,0x00000000ce3c3928,0x00000000d1180000)
 Metaspace       used 81966K, committed 83456K, reserved 1179648K
  class space    used 8369K, committed 9024K, reserved 1048576K
}
Event: 290.928 GC heap before
{Heap before GC invocations=2018 (full 23):
 PSYoungGen      total 4608K, used 4322K [0x00000000eab00000, 0x00000000eb200000, 0x0000000100000000)
  eden space 2560K, 99% used [0x00000000eab00000,0x00000000ead7ffc0,0x00000000ead80000)
  from space 2048K, 86% used [0x00000000eb000000,0x00000000eb1b8bf0,0x00000000eb200000)
  to   space 2048K, 0% used [0x00000000eae00000,0x00000000eae00000,0x00000000eb000000)
 ParOldGen       total 280064K, used 233230K [0x00000000c0000000, 0x00000000d1180000, 0x00000000eab00000)
  object space 280064K, 83% used [0x00000000c0000000,0x00000000ce3c3928,0x00000000d1180000)
 Metaspace       used 82006K, committed 83456K, reserved 1179648K
  class space    used 8372K, committed 9024K, reserved 1048576K
}
Event: 290.930 GC heap after
{Heap after GC invocations=2018 (full 23):
 PSYoungGen      total 3072K, used 320K [0x00000000eab00000, 0x00000000eb080000, 0x0000000100000000)
  eden space 2560K, 0% used [0x00000000eab00000,0x00000000eab00000,0x00000000ead80000)
  from space 512K, 62% used [0x00000000eae00000,0x00000000eae50000,0x00000000eae80000)
  to   space 1024K, 0% used [0x00000000eaf80000,0x00000000eaf80000,0x00000000eb080000)
 ParOldGen       total 280064K, used 233854K [0x00000000c0000000, 0x00000000d1180000, 0x00000000eab00000)
  object space 280064K, 83% used [0x00000000c0000000,0x00000000ce45f928,0x00000000d1180000)
 Metaspace       used 82006K, committed 83456K, reserved 1179648K
  class space    used 8372K, committed 9024K, reserved 1048576K
}
Event: 293.731 GC heap before
{Heap before GC invocations=2019 (full 23):
 PSYoungGen      total 3072K, used 2880K [0x00000000eab00000, 0x00000000eb080000, 0x0000000100000000)
  eden space 2560K, 100% used [0x00000000eab00000,0x00000000ead80000,0x00000000ead80000)
  from space 512K, 62% used [0x00000000eae00000,0x00000000eae50000,0x00000000eae80000)
  to   space 1024K, 0% used [0x00000000eaf80000,0x00000000eaf80000,0x00000000eb080000)
 ParOldGen       total 280064K, used 233854K [0x00000000c0000000, 0x00000000d1180000, 0x00000000eab00000)
  object space 280064K, 83% used [0x00000000c0000000,0x00000000ce45f928,0x00000000d1180000)
 Metaspace       used 82006K, committed 83456K, reserved 1179648K
  class space    used 8372K, committed 9024K, reserved 1048576K
}
Event: 293.732 GC heap after
{Heap after GC invocations=2019 (full 23):
 PSYoungGen      total 3072K, used 224K [0x00000000eab00000, 0x00000000eb000000, 0x0000000100000000)
  eden space 2560K, 0% used [0x00000000eab00000,0x00000000eab00000,0x00000000ead80000)
  from space 512K, 43% used [0x00000000eaf80000,0x00000000eafb8000,0x00000000eb000000)
  to   space 512K, 0% used [0x00000000eae00000,0x00000000eae00000,0x00000000eae80000)
 ParOldGen       total 280064K, used 234126K [0x00000000c0000000, 0x00000000d1180000, 0x00000000eab00000)
  object space 280064K, 83% used [0x00000000c0000000,0x00000000ce4a3928,0x00000000d1180000)
 Metaspace       used 82006K, committed 83456K, reserved 1179648K
  class space    used 8372K, committed 9024K, reserved 1048576K
}
Event: 296.797 GC heap before
{Heap before GC invocations=2020 (full 23):
 PSYoungGen      total 3072K, used 2784K [0x00000000eab00000, 0x00000000eb000000, 0x0000000100000000)
  eden space 2560K, 100% used [0x00000000eab00000,0x00000000ead80000,0x00000000ead80000)
  from space 512K, 43% used [0x00000000eaf80000,0x00000000eafb8000,0x00000000eb000000)
  to   space 512K, 0% used [0x00000000eae00000,0x00000000eae00000,0x00000000eae80000)
 ParOldGen       total 280064K, used 234126K [0x00000000c0000000, 0x00000000d1180000, 0x00000000eab00000)
  object space 280064K, 83% used [0x00000000c0000000,0x00000000ce4a3928,0x00000000d1180000)
 Metaspace       used 82012K, committed 83456K, reserved 1179648K
  class space    used 8372K, committed 9024K, reserved 1048576K
}
Event: 296.798 GC heap after
{Heap after GC invocations=2020 (full 23):
 PSYoungGen      total 3072K, used 320K [0x00000000eab00000, 0x00000000eb000000, 0x0000000100000000)
  eden space 2560K, 0% used [0x00000000eab00000,0x00000000eab00000,0x00000000ead80000)
  from space 512K, 62% used [0x00000000eae00000,0x00000000eae50000,0x00000000eae80000)
  to   space 512K, 0% used [0x00000000eaf80000,0x00000000eaf80000,0x00000000eb000000)
 ParOldGen       total 280064K, used 234126K [0x00000000c0000000, 0x00000000d1180000, 0x00000000eab00000)
  object space 280064K, 83% used [0x00000000c0000000,0x00000000ce4a3928,0x00000000d1180000)
 Metaspace       used 82012K, committed 83456K, reserved 1179648K
  class space    used 8372K, committed 9024K, reserved 1048576K
}
Event: 297.018 GC heap before
{Heap before GC invocations=2021 (full 23):
 PSYoungGen      total 3072K, used 2880K [0x00000000eab00000, 0x00000000eb000000, 0x0000000100000000)
  eden space 2560K, 100% used [0x00000000eab00000,0x00000000ead80000,0x00000000ead80000)
  from space 512K, 62% used [0x00000000eae00000,0x00000000eae50000,0x00000000eae80000)
  to   space 512K, 0% used [0x00000000eaf80000,0x00000000eaf80000,0x00000000eb000000)
 ParOldGen       total 280064K, used 234126K [0x00000000c0000000, 0x00000000d1180000, 0x00000000eab00000)
  object space 280064K, 83% used [0x00000000c0000000,0x00000000ce4a3928,0x00000000d1180000)
 Metaspace       used 82012K, committed 83456K, reserved 1179648K
  class space    used 8372K, committed 9024K, reserved 1048576K
}
Event: 297.019 GC heap after
{Heap after GC invocations=2021 (full 23):
 PSYoungGen      total 3072K, used 384K [0x00000000eab00000, 0x00000000eb000000, 0x0000000100000000)
  eden space 2560K, 0% used [0x00000000eab00000,0x00000000eab00000,0x00000000ead80000)
  from space 512K, 75% used [0x00000000eaf80000,0x00000000eafe0000,0x00000000eb000000)
  to   space 512K, 0% used [0x00000000eae00000,0x00000000eae00000,0x00000000eae80000)
 ParOldGen       total 280064K, used 234126K [0x00000000c0000000, 0x00000000d1180000, 0x00000000eab00000)
  object space 280064K, 83% used [0x00000000c0000000,0x00000000ce4a3928,0x00000000d1180000)
 Metaspace       used 82012K, committed 83456K, reserved 1179648K
  class space    used 8372K, committed 9024K, reserved 1048576K
}
Event: 297.356 GC heap before
{Heap before GC invocations=2022 (full 23):
 PSYoungGen      total 3072K, used 2944K [0x00000000eab00000, 0x00000000eb000000, 0x0000000100000000)
  eden space 2560K, 100% used [0x00000000eab00000,0x00000000ead80000,0x00000000ead80000)
  from space 512K, 75% used [0x00000000eaf80000,0x00000000eafe0000,0x00000000eb000000)
  to   space 512K, 0% used [0x00000000eae00000,0x00000000eae00000,0x00000000eae80000)
 ParOldGen       total 280064K, used 234126K [0x00000000c0000000, 0x00000000d1180000, 0x00000000eab00000)
  object space 280064K, 83% used [0x00000000c0000000,0x00000000ce4a3928,0x00000000d1180000)
 Metaspace       used 82031K, committed 83520K, reserved 1179648K
  class space    used 8372K, committed 9024K, reserved 1048576K
}
Event: 297.357 GC heap after
{Heap after GC invocations=2022 (full 23):
 PSYoungGen      total 3072K, used 416K [0x00000000eab00000, 0x00000000eb000000, 0x0000000100000000)
  eden space 2560K, 0% used [0x00000000eab00000,0x00000000eab00000,0x00000000ead80000)
  from space 512K, 81% used [0x00000000eae00000,0x00000000eae68000,0x00000000eae80000)
  to   space 512K, 0% used [0x00000000eaf80000,0x00000000eaf80000,0x00000000eb000000)
 ParOldGen       total 280064K, used 234126K [0x00000000c0000000, 0x00000000d1180000, 0x00000000eab00000)
  object space 280064K, 83% used [0x00000000c0000000,0x00000000ce4a3928,0x00000000d1180000)
 Metaspace       used 82031K, committed 83520K, reserved 1179648K
  class space    used 8372K, committed 9024K, reserved 1048576K
}
Event: 297.561 GC heap before
{Heap before GC invocations=2023 (full 23):
 PSYoungGen      total 3072K, used 2976K [0x00000000eab00000, 0x00000000eb000000, 0x0000000100000000)
  eden space 2560K, 100% used [0x00000000eab00000,0x00000000ead80000,0x00000000ead80000)
  from space 512K, 81% used [0x00000000eae00000,0x00000000eae68000,0x00000000eae80000)
  to   space 512K, 0% used [0x00000000eaf80000,0x00000000eaf80000,0x00000000eb000000)
 ParOldGen       total 280064K, used 234126K [0x00000000c0000000, 0x00000000d1180000, 0x00000000eab00000)
  object space 280064K, 83% used [0x00000000c0000000,0x00000000ce4a3928,0x00000000d1180000)
 Metaspace       used 82031K, committed 83520K, reserved 1179648K
  class space    used 8372K, committed 9024K, reserved 1048576K
}
Event: 297.562 GC heap after
{Heap after GC invocations=2023 (full 23):
 PSYoungGen      total 3072K, used 448K [0x00000000eab00000, 0x00000000eb000000, 0x0000000100000000)
  eden space 2560K, 0% used [0x00000000eab00000,0x00000000eab00000,0x00000000ead80000)
  from space 512K, 87% used [0x00000000eaf80000,0x00000000eaff0000,0x00000000eb000000)
  to   space 512K, 0% used [0x00000000eae00000,0x00000000eae00000,0x00000000eae80000)
 ParOldGen       total 280064K, used 234126K [0x00000000c0000000, 0x00000000d1180000, 0x00000000eab00000)
  object space 280064K, 83% used [0x00000000c0000000,0x00000000ce4a3928,0x00000000d1180000)
 Metaspace       used 82031K, committed 83520K, reserved 1179648K
  class space    used 8372K, committed 9024K, reserved 1048576K
}
Event: 297.817 GC heap before
{Heap before GC invocations=2024 (full 23):
 PSYoungGen      total 3072K, used 3008K [0x00000000eab00000, 0x00000000eb000000, 0x0000000100000000)
  eden space 2560K, 100% used [0x00000000eab00000,0x00000000ead80000,0x00000000ead80000)
  from space 512K, 87% used [0x00000000eaf80000,0x00000000eaff0000,0x00000000eb000000)
  to   space 512K, 0% used [0x00000000eae00000,0x00000000eae00000,0x00000000eae80000)
 ParOldGen       total 280064K, used 234126K [0x00000000c0000000, 0x00000000d1180000, 0x00000000eab00000)
  object space 280064K, 83% used [0x00000000c0000000,0x00000000ce4a3928,0x00000000d1180000)
 Metaspace       used 82031K, committed 83520K, reserved 1179648K
  class space    used 8372K, committed 9024K, reserved 1048576K
}
Event: 297.818 GC heap after
{Heap after GC invocations=2024 (full 23):
 PSYoungGen      total 3072K, used 448K [0x00000000eab00000, 0x00000000eb000000, 0x0000000100000000)
  eden space 2560K, 0% used [0x00000000eab00000,0x00000000eab00000,0x00000000ead80000)
  from space 512K, 87% used [0x00000000eae00000,0x00000000eae70000,0x00000000eae80000)
  to   space 512K, 0% used [0x00000000eaf80000,0x00000000eaf80000,0x00000000eb000000)
 ParOldGen       total 280064K, used 234126K [0x00000000c0000000, 0x00000000d1180000, 0x00000000eab00000)
  object space 280064K, 83% used [0x00000000c0000000,0x00000000ce4a3928,0x00000000d1180000)
 Metaspace       used 82031K, committed 83520K, reserved 1179648K
  class space    used 8372K, committed 9024K, reserved 1048576K
}

